<?xml version="1.0" encoding="UTF-8"?>
<!-- Generated by org.testng.reporters.JUnitReportReporter -->
<testsuite hostname="DESKTOP-UNVGE05" failures="0" tests="2" name="testcases.HomeLoanTest" time="0.000" errors="0" timestamp="16 Apr. 2023 04:46:51 GMT" skipped="0">
  <testcase classname="testcases.HomeLoanTest" name="test1" time="0.000"/>
  <testcase classname="testcases.HomeLoanTest" name="test2" time="0.000"/>
</testsuite> <!-- testcases.HomeLoanTest -->
