<?xml version="1.0" encoding="UTF-8"?>
<!-- Generated by org.testng.reporters.JUnitReportReporter -->
<testsuite hostname="DESKTOP-UNVGE05" failures="0" tests="1" name="testcases.CreditCard" time="0.001" errors="0" timestamp="16 Apr. 2023 04:46:51 GMT" skipped="0">
  <testcase classname="testcases.CreditCard" name="test4" time="0.001"/>
</testsuite> <!-- testcases.CreditCard -->
